0 info it worked if it ends with ok
1 verbose cli [ '/usr/local/bin/node', '/usr/local/bin/npm', 'run', 'test' ]
2 info using npm@3.10.10
3 info using node@v6.11.3
4 verbose run-script [ 'pretest', 'test', 'posttest' ]
5 info lifecycle keep@0.1.0~pretest: keep@0.1.0
6 silly lifecycle keep@0.1.0~pretest: no script for pretest, continuing
7 info lifecycle keep@0.1.0~test: keep@0.1.0
8 verbose lifecycle keep@0.1.0~test: unsafe-perm in lifecycle true
9 verbose lifecycle keep@0.1.0~test: PATH: /usr/local/lib/node_modules/npm/bin/node-gyp-bin:/Users/zuomeng/Desktop/Keep/node_modules/.bin:/usr/local/bin:/usr/bin:/bin:/usr/sbin:/sbin
10 verbose lifecycle keep@0.1.0~test: CWD: /Users/zuomeng/Desktop/Keep
11 silly lifecycle keep@0.1.0~test: Args: [ '-c', 'node scripts/test.js --env=jsdom' ]
12 silly lifecycle keep@0.1.0~test: Returned: code: 1  signal: null
13 info lifecycle keep@0.1.0~test: Failed to exec test script
14 verbose stack Error: keep@0.1.0 test: `node scripts/test.js --env=jsdom`
14 verbose stack Exit status 1
14 verbose stack     at EventEmitter.<anonymous> (/usr/local/lib/node_modules/npm/lib/utils/lifecycle.js:255:16)
14 verbose stack     at emitTwo (events.js:106:13)
14 verbose stack     at EventEmitter.emit (events.js:191:7)
14 verbose stack     at ChildProcess.<anonymous> (/usr/local/lib/node_modules/npm/lib/utils/spawn.js:40:14)
14 verbose stack     at emitTwo (events.js:106:13)
14 verbose stack     at ChildProcess.emit (events.js:191:7)
14 verbose stack     at maybeClose (internal/child_process.js:920:16)
14 verbose stack     at Process.ChildProcess._handle.onexit (internal/child_process.js:230:5)
15 verbose pkgid keep@0.1.0
16 verbose cwd /Users/zuomeng/Desktop/Keep
17 error Darwin 17.2.0
18 error argv "/usr/local/bin/node" "/usr/local/bin/npm" "run" "test"
19 error node v6.11.3
20 error npm  v3.10.10
21 error code ELIFECYCLE
22 error keep@0.1.0 test: `node scripts/test.js --env=jsdom`
22 error Exit status 1
23 error Failed at the keep@0.1.0 test script 'node scripts/test.js --env=jsdom'.
23 error Make sure you have the latest version of node.js and npm installed.
23 error If you do, this is most likely a problem with the keep package,
23 error not with npm itself.
23 error Tell the author that this fails on your system:
23 error     node scripts/test.js --env=jsdom
23 error You can get information on how to open an issue for this project with:
23 error     npm bugs keep
23 error Or if that isn't available, you can get their info via:
23 error     npm owner ls keep
23 error There is likely additional logging output above.
24 verbose exit [ 1, true ]
